Arguments: 
  C:\Program Files\nodejs\node.exe C:\Users\Sandra\AppData\Roaming\npm\node_modules\yarn\bin\yarn.js add @react-icons/all-files

PATH: 
  C:\Python310\Scripts\;C:\Python310\;C:\Python\Python396\Scripts\;C:\Python\Python396\;C:\WINDOWS\system32;C:\WINDOWS;C:\WINDOWS\System32\Wbem;C:\WINDOWS\System32\WindowsPowerShell\v1.0\;C:\WINDOWS\System32\OpenSSH\;C:\WINDOWS\system32\config\systemprofile\AppData\Roaming\npm\;C:\Apache24\bin;C:\PHP7;C:\xampp\php;C:\ProgramData\ComposerSetup\bin;C:\ProgramData\chocolatey\bin;C:\Program Files\nodejs\;C:\Program Files\Git LFS;C:\Program Files\Git\cmd;C:\Program Files\PuTTY\;C:\Program Files\GitHub CLI\;C:\Users\Sandra\AppData\Local\Programs\Python\Python39\Scripts\;C:\Users\Sandra\AppData\Local\Programs\Python\Python39\;C:\Users\Sandra\AppData\Roaming\npm;C:\Users\Sandra\AppData\Local\nvs\;C:\Program Files\heroku\bin;C:\Program Files\Docker\Docker\resources\bin;C:\Users\Sandra\AppData\Local\Yarn\bin\vercel;;C:\Program Files\JetBrains\WebStorm 2021.3.3\bin;;C:\Users\Sandra\AppData\Local\Programs\Microsoft VS Code\bin

Yarn version: 
  1.22.17

Node version: 
  16.13.1

Platform: 
  win32 x64

Trace: 
  Error: https://registry.yarnpkg.com/@react-icons/all-files/-/all-files-4.1.0.tgz: ESOCKETTIMEDOUT
      at ClientRequest.<anonymous> (C:\Users\Sandra\AppData\Roaming\npm\node_modules\yarn\lib\cli.js:141510:19)
      at Object.onceWrapper (node:events:509:28)
      at ClientRequest.emit (node:events:390:28)
      at TLSSocket.emitRequestTimeout (node:_http_client:763:9)
      at Object.onceWrapper (node:events:509:28)
      at TLSSocket.emit (node:events:402:35)
      at TLSSocket.Socket._onTimeout (node:net:501:8)
      at listOnTimeout (node:internal/timers:557:17)
      at processTimers (node:internal/timers:500:7)

npm manifest: 
  No manifest

yarn manifest: 
  No manifest

Lockfile: 
  No lockfile
